{"C:\\Users\\Ildus.Gafiev\\IdeaProjects\\gafiev-ildus-js-21-02\\assessment\\01_midterms\\server\\src\\app.js": {"path":"C:\\Users\\Ildus.Gafiev\\IdeaProjects\\gafiev-ildus-js-21-02\\assessment\\01_midterms\\server\\src\\app.js","statementMap":{"0":{"start":{"line":1,"column":16},"end":{"line":1,"column":34}},"1":{"start":{"line":2,"column":21},"end":{"line":2,"column":54}},"2":{"start":{"line":3,"column":15},"end":{"line":3,"column":40}},"3":{"start":{"line":4,"column":15},"end":{"line":4,"column":34}},"4":{"start":{"line":5,"column":16},"end":{"line":5,"column":42}},"5":{"start":{"line":6,"column":29},"end":{"line":6,"column":44}},"6":{"start":{"line":8,"column":12},"end":{"line":8,"column":21}},"7":{"start":{"line":10,"column":0},"end":{"line":10,"column":23}},"8":{"start":{"line":11,"column":0},"end":{"line":11,"column":38}},"9":{"start":{"line":12,"column":0},"end":{"line":19,"column":2}},"10":{"start":{"line":13,"column":2},"end":{"line":13,"column":37}},"11":{"start":{"line":14,"column":2},"end":{"line":17,"column":90}},"12":{"start":{"line":18,"column":2},"end":{"line":18,"column":8}},"13":{"start":{"line":21,"column":0},"end":{"line":21,"column":23}},"14":{"start":{"line":23,"column":0},"end":{"line":28,"column":2}},"15":{"start":{"line":24,"column":2},"end":{"line":24,"column":18}},"16":{"start":{"line":25,"column":2},"end":{"line":25,"column":19}},"17":{"start":{"line":26,"column":2},"end":{"line":26,"column":38}},"18":{"start":{"line":27,"column":2},"end":{"line":27,"column":8}},"19":{"start":{"line":29,"column":0},"end":{"line":29,"column":21}}},"fnMap":{"0":{"name":"(anonymous_0)","decl":{"start":{"line":12,"column":8},"end":{"line":12,"column":9}},"loc":{"start":{"line":12,"column":28},"end":{"line":19,"column":1}},"line":12},"1":{"name":"(anonymous_1)","decl":{"start":{"line":23,"column":8},"end":{"line":23,"column":9}},"loc":{"start":{"line":23,"column":33},"end":{"line":28,"column":1}},"line":23}},"branchMap":{},"s":{"0":3,"1":3,"2":3,"3":3,"4":3,"5":3,"6":3,"7":3,"8":3,"9":3,"10":14,"11":14,"12":14,"13":3,"14":3,"15":0,"16":0,"17":0,"18":0,"19":3},"f":{"0":14,"1":0},"b":{},"_coverageSchema":"1a1c01bbd47fc00a2c39e90264f33305004495a9","hash":"4d512d8445fb12b761278e3ef706ed958efaa2c1"}
,"C:\\Users\\Ildus.Gafiev\\IdeaProjects\\gafiev-ildus-js-21-02\\assessment\\01_midterms\\server\\src\\logger.js": {"path":"C:\\Users\\Ildus.Gafiev\\IdeaProjects\\gafiev-ildus-js-21-02\\assessment\\01_midterms\\server\\src\\logger.js","statementMap":{"0":{"start":{"line":1,"column":16},"end":{"line":1,"column":42}},"1":{"start":{"line":3,"column":16},"end":{"line":7,"column":1}},"2":{"start":{"line":9,"column":15},"end":{"line":9,"column":77}},"3":{"start":{"line":11,"column":0},"end":{"line":16,"column":1}},"4":{"start":{"line":13,"column":23},"end":{"line":13,"column":69}},"5":{"start":{"line":14,"column":24},"end":{"line":14,"column":71}},"6":{"start":{"line":15,"column":24},"end":{"line":15,"column":71}}},"fnMap":{"0":{"name":"(anonymous_0)","decl":{"start":{"line":13,"column":10},"end":{"line":13,"column":11}},"loc":{"start":{"line":13,"column":23},"end":{"line":13,"column":69}},"line":13},"1":{"name":"(anonymous_1)","decl":{"start":{"line":14,"column":11},"end":{"line":14,"column":12}},"loc":{"start":{"line":14,"column":24},"end":{"line":14,"column":71}},"line":14},"2":{"name":"(anonymous_2)","decl":{"start":{"line":15,"column":11},"end":{"line":15,"column":12}},"loc":{"start":{"line":15,"column":24},"end":{"line":15,"column":71}},"line":15}},"branchMap":{},"s":{"0":7,"1":7,"2":7,"3":7,"4":27,"5":7,"6":0},"f":{"0":27,"1":7,"2":0},"b":{},"_coverageSchema":"1a1c01bbd47fc00a2c39e90264f33305004495a9","hash":"c75728c33d7ec1c69873c944a542829bc53e2087"}
,"C:\\Users\\Ildus.Gafiev\\IdeaProjects\\gafiev-ildus-js-21-02\\assessment\\01_midterms\\server\\src\\server.js": {"path":"C:\\Users\\Ildus.Gafiev\\IdeaProjects\\gafiev-ildus-js-21-02\\assessment\\01_midterms\\server\\src\\server.js","statementMap":{"0":{"start":{"line":1,"column":12},"end":{"line":1,"column":28}},"1":{"start":{"line":2,"column":21},"end":{"line":2,"column":54}},"2":{"start":{"line":4,"column":0},"end":{"line":4,"column":86}},"3":{"start":{"line":4,"column":29},"end":{"line":4,"column":84}}},"fnMap":{"0":{"name":"(anonymous_0)","decl":{"start":{"line":4,"column":23},"end":{"line":4,"column":24}},"loc":{"start":{"line":4,"column":29},"end":{"line":4,"column":84}},"line":4}},"branchMap":{},"s":{"0":0,"1":0,"2":0,"3":0},"f":{"0":0},"b":{}}
,"C:\\Users\\Ildus.Gafiev\\IdeaProjects\\gafiev-ildus-js-21-02\\assessment\\01_midterms\\server\\src\\actions\\usersActions.js": {"path":"C:\\Users\\Ildus.Gafiev\\IdeaProjects\\gafiev-ildus-js-21-02\\assessment\\01_midterms\\server\\src\\actions\\usersActions.js","statementMap":{"0":{"start":{"line":1,"column":12},"end":{"line":1,"column":38}},"1":{"start":{"line":2,"column":19},"end":{"line":2,"column":52}},"2":{"start":{"line":3,"column":15},"end":{"line":3,"column":35}},"3":{"start":{"line":4,"column":15},"end":{"line":4,"column":39}},"4":{"start":{"line":5,"column":35},"end":{"line":5,"column":73}},"5":{"start":{"line":9,"column":8},"end":{"line":9,"column":76}},"6":{"start":{"line":10,"column":27},"end":{"line":10,"column":66}},"7":{"start":{"line":11,"column":8},"end":{"line":21,"column":14}},"8":{"start":{"line":13,"column":16},"end":{"line":13,"column":95}},"9":{"start":{"line":14,"column":31},"end":{"line":14,"column":69}},"10":{"start":{"line":15,"column":16},"end":{"line":15,"column":92}},"11":{"start":{"line":16,"column":16},"end":{"line":16,"column":30}},"12":{"start":{"line":19,"column":16},"end":{"line":19,"column":75}},"13":{"start":{"line":20,"column":16},"end":{"line":20,"column":45}},"14":{"start":{"line":24,"column":8},"end":{"line":24,"column":83}},"15":{"start":{"line":25,"column":27},"end":{"line":25,"column":66}},"16":{"start":{"line":26,"column":8},"end":{"line":36,"column":14}},"17":{"start":{"line":28,"column":16},"end":{"line":28,"column":98}},"18":{"start":{"line":29,"column":31},"end":{"line":29,"column":69}},"19":{"start":{"line":30,"column":16},"end":{"line":30,"column":95}},"20":{"start":{"line":31,"column":16},"end":{"line":31,"column":30}},"21":{"start":{"line":34,"column":16},"end":{"line":34,"column":75}},"22":{"start":{"line":35,"column":16},"end":{"line":35,"column":45}},"23":{"start":{"line":40,"column":0},"end":{"line":40,"column":36}}},"fnMap":{"0":{"name":"(anonymous_0)","decl":{"start":{"line":8,"column":4},"end":{"line":8,"column":5}},"loc":{"start":{"line":8,"column":18},"end":{"line":22,"column":5}},"line":8},"1":{"name":"(anonymous_1)","decl":{"start":{"line":12,"column":18},"end":{"line":12,"column":19}},"loc":{"start":{"line":12,"column":30},"end":{"line":17,"column":13}},"line":12},"2":{"name":"(anonymous_2)","decl":{"start":{"line":18,"column":19},"end":{"line":18,"column":20}},"loc":{"start":{"line":18,"column":28},"end":{"line":21,"column":13}},"line":18},"3":{"name":"(anonymous_3)","decl":{"start":{"line":23,"column":4},"end":{"line":23,"column":5}},"loc":{"start":{"line":23,"column":25},"end":{"line":37,"column":5}},"line":23},"4":{"name":"(anonymous_4)","decl":{"start":{"line":27,"column":18},"end":{"line":27,"column":19}},"loc":{"start":{"line":27,"column":30},"end":{"line":32,"column":13}},"line":27},"5":{"name":"(anonymous_5)","decl":{"start":{"line":33,"column":19},"end":{"line":33,"column":20}},"loc":{"start":{"line":33,"column":28},"end":{"line":36,"column":13}},"line":33}},"branchMap":{},"s":{"0":4,"1":4,"2":4,"3":4,"4":4,"5":2,"6":2,"7":2,"8":1,"9":1,"10":1,"11":1,"12":1,"13":1,"14":2,"15":2,"16":2,"17":1,"18":1,"19":1,"20":1,"21":1,"22":1,"23":4},"f":{"0":2,"1":1,"2":1,"3":2,"4":1,"5":1},"b":{},"_coverageSchema":"1a1c01bbd47fc00a2c39e90264f33305004495a9","hash":"990e3937b8d3a29d70b0b430c7cc4825b8cdca15"}
,"C:\\Users\\Ildus.Gafiev\\IdeaProjects\\gafiev-ildus-js-21-02\\assessment\\01_midterms\\server\\src\\api\\dummyApi.js": {"path":"C:\\Users\\Ildus.Gafiev\\IdeaProjects\\gafiev-ildus-js-21-02\\assessment\\01_midterms\\server\\src\\api\\dummyApi.js","statementMap":{"0":{"start":{"line":1,"column":14},"end":{"line":1,"column":35}},"1":{"start":{"line":2,"column":77},"end":{"line":2,"column":109}},"2":{"start":{"line":4,"column":23},"end":{"line":12,"column":1}},"3":{"start":{"line":5,"column":4},"end":{"line":11,"column":39}},"4":{"start":{"line":11,"column":22},"end":{"line":11,"column":37}},"5":{"start":{"line":14,"column":24},"end":{"line":24,"column":1}},"6":{"start":{"line":15,"column":4},"end":{"line":23,"column":39}},"7":{"start":{"line":23,"column":22},"end":{"line":23,"column":37}},"8":{"start":{"line":26,"column":0},"end":{"line":57,"column":1}},"9":{"start":{"line":28,"column":20},"end":{"line":28,"column":66}},"10":{"start":{"line":29,"column":8},"end":{"line":29,"column":35}},"11":{"start":{"line":32,"column":20},"end":{"line":32,"column":44}},"12":{"start":{"line":33,"column":8},"end":{"line":33,"column":35}},"13":{"start":{"line":36,"column":20},"end":{"line":36,"column":45}},"14":{"start":{"line":37,"column":25},"end":{"line":37,"column":45}},"15":{"start":{"line":38,"column":8},"end":{"line":38,"column":59}},"16":{"start":{"line":41,"column":20},"end":{"line":41,"column":44}},"17":{"start":{"line":42,"column":24},"end":{"line":42,"column":44}},"18":{"start":{"line":43,"column":8},"end":{"line":43,"column":57}},"19":{"start":{"line":46,"column":20},"end":{"line":46,"column":66}},"20":{"start":{"line":47,"column":8},"end":{"line":47,"column":35}},"21":{"start":{"line":50,"column":20},"end":{"line":50,"column":77}},"22":{"start":{"line":51,"column":8},"end":{"line":51,"column":35}},"23":{"start":{"line":54,"column":20},"end":{"line":54,"column":84}},"24":{"start":{"line":55,"column":8},"end":{"line":55,"column":35}}},"fnMap":{"0":{"name":"(anonymous_0)","decl":{"start":{"line":4,"column":23},"end":{"line":4,"column":24}},"loc":{"start":{"line":4,"column":32},"end":{"line":12,"column":1}},"line":4},"1":{"name":"(anonymous_1)","decl":{"start":{"line":11,"column":10},"end":{"line":11,"column":11}},"loc":{"start":{"line":11,"column":22},"end":{"line":11,"column":37}},"line":11},"2":{"name":"(anonymous_2)","decl":{"start":{"line":14,"column":24},"end":{"line":14,"column":25}},"loc":{"start":{"line":14,"column":47},"end":{"line":24,"column":1}},"line":14},"3":{"name":"(anonymous_3)","decl":{"start":{"line":23,"column":10},"end":{"line":23,"column":11}},"loc":{"start":{"line":23,"column":22},"end":{"line":23,"column":37}},"line":23},"4":{"name":"(anonymous_4)","decl":{"start":{"line":27,"column":20},"end":{"line":27,"column":21}},"loc":{"start":{"line":27,"column":37},"end":{"line":30,"column":5}},"line":27},"5":{"name":"(anonymous_5)","decl":{"start":{"line":31,"column":16},"end":{"line":31,"column":17}},"loc":{"start":{"line":31,"column":24},"end":{"line":34,"column":5}},"line":31},"6":{"name":"(anonymous_6)","decl":{"start":{"line":35,"column":16},"end":{"line":35,"column":17}},"loc":{"start":{"line":35,"column":26},"end":{"line":39,"column":5}},"line":35},"7":{"name":"(anonymous_7)","decl":{"start":{"line":40,"column":19},"end":{"line":40,"column":20}},"loc":{"start":{"line":40,"column":33},"end":{"line":44,"column":5}},"line":40},"8":{"name":"(anonymous_8)","decl":{"start":{"line":45,"column":20},"end":{"line":45,"column":21}},"loc":{"start":{"line":45,"column":37},"end":{"line":48,"column":5}},"line":45},"9":{"name":"(anonymous_9)","decl":{"start":{"line":49,"column":26},"end":{"line":49,"column":27}},"loc":{"start":{"line":49,"column":47},"end":{"line":52,"column":5}},"line":49},"10":{"name":"(anonymous_10)","decl":{"start":{"line":53,"column":20},"end":{"line":53,"column":21}},"loc":{"start":{"line":53,"column":45},"end":{"line":56,"column":5}},"line":53}},"branchMap":{},"s":{"0":8,"1":8,"2":8,"3":14,"4":14,"5":8,"6":6,"7":6,"8":8,"9":3,"10":3,"11":3,"12":3,"13":3,"14":3,"15":3,"16":3,"17":3,"18":3,"19":2,"20":2,"21":3,"22":3,"23":3,"24":3},"f":{"0":14,"1":14,"2":6,"3":6,"4":3,"5":3,"6":3,"7":3,"8":2,"9":3,"10":3},"b":{},"_coverageSchema":"1a1c01bbd47fc00a2c39e90264f33305004495a9","hash":"ab5f33ab89aa2641fa1c5bb31c3e8dcdf76d695b"}
,"C:\\Users\\Ildus.Gafiev\\IdeaProjects\\gafiev-ildus-js-21-02\\assessment\\01_midterms\\server\\src\\constants\\dummyApi.js": {"path":"C:\\Users\\Ildus.Gafiev\\IdeaProjects\\gafiev-ildus-js-21-02\\assessment\\01_midterms\\server\\src\\constants\\dummyApi.js","statementMap":{"0":{"start":{"line":1,"column":17},"end":{"line":1,"column":47}},"1":{"start":{"line":3,"column":0},"end":{"line":13,"column":1}}},"fnMap":{},"branchMap":{},"s":{"0":8,"1":8},"f":{},"b":{},"_coverageSchema":"1a1c01bbd47fc00a2c39e90264f33305004495a9","hash":"9e386132d4bed962780a9b8e7bec622d04010d94"}
,"C:\\Users\\Ildus.Gafiev\\IdeaProjects\\gafiev-ildus-js-21-02\\assessment\\01_midterms\\server\\src\\constants\\loggerMessages.js": {"path":"C:\\Users\\Ildus.Gafiev\\IdeaProjects\\gafiev-ildus-js-21-02\\assessment\\01_midterms\\server\\src\\constants\\loggerMessages.js","statementMap":{"0":{"start":{"line":1,"column":0},"end":{"line":71,"column":1}}},"fnMap":{},"branchMap":{},"s":{"0":7},"f":{},"b":{},"_coverageSchema":"1a1c01bbd47fc00a2c39e90264f33305004495a9","hash":"9b25bf48e2390fe50a3ba5fc050a284c5ec134f3"}
,"C:\\Users\\Ildus.Gafiev\\IdeaProjects\\gafiev-ildus-js-21-02\\assessment\\01_midterms\\server\\src\\mappers\\commentsMapper.js": {"path":"C:\\Users\\Ildus.Gafiev\\IdeaProjects\\gafiev-ildus-js-21-02\\assessment\\01_midterms\\server\\src\\mappers\\commentsMapper.js","statementMap":{"0":{"start":{"line":1,"column":17},"end":{"line":1,"column":45}},"1":{"start":{"line":5,"column":8},"end":{"line":8,"column":9}},"2":{"start":{"line":7,"column":50},"end":{"line":7,"column":96}},"3":{"start":{"line":12,"column":0},"end":{"line":12,"column":38}}},"fnMap":{"0":{"name":"(anonymous_0)","decl":{"start":{"line":4,"column":4},"end":{"line":4,"column":5}},"loc":{"start":{"line":4,"column":35},"end":{"line":9,"column":5}},"line":4},"1":{"name":"(anonymous_1)","decl":{"start":{"line":7,"column":39},"end":{"line":7,"column":40}},"loc":{"start":{"line":7,"column":50},"end":{"line":7,"column":96}},"line":7}},"branchMap":{},"s":{"0":4,"1":1,"2":2,"3":4},"f":{"0":1,"1":2},"b":{},"_coverageSchema":"1a1c01bbd47fc00a2c39e90264f33305004495a9","hash":"482c32510fad6174afea1286c1c5e4bf5b2ed15f"}
,"C:\\Users\\Ildus.Gafiev\\IdeaProjects\\gafiev-ildus-js-21-02\\assessment\\01_midterms\\server\\src\\mappers\\postsMapper.js": {"path":"C:\\Users\\Ildus.Gafiev\\IdeaProjects\\gafiev-ildus-js-21-02\\assessment\\01_midterms\\server\\src\\mappers\\postsMapper.js","statementMap":{"0":{"start":{"line":1,"column":17},"end":{"line":1,"column":45}},"1":{"start":{"line":5,"column":8},"end":{"line":8,"column":9}},"2":{"start":{"line":7,"column":44},"end":{"line":7,"column":87}},"3":{"start":{"line":12,"column":0},"end":{"line":12,"column":35}}},"fnMap":{"0":{"name":"(anonymous_0)","decl":{"start":{"line":4,"column":4},"end":{"line":4,"column":5}},"loc":{"start":{"line":4,"column":32},"end":{"line":9,"column":5}},"line":4},"1":{"name":"(anonymous_1)","decl":{"start":{"line":7,"column":36},"end":{"line":7,"column":37}},"loc":{"start":{"line":7,"column":44},"end":{"line":7,"column":87}},"line":7}},"branchMap":{},"s":{"0":4,"1":2,"2":4,"3":4},"f":{"0":2,"1":4},"b":{},"_coverageSchema":"1a1c01bbd47fc00a2c39e90264f33305004495a9","hash":"7632752c96e3b94fa899ce342466376c75b70437"}
,"C:\\Users\\Ildus.Gafiev\\IdeaProjects\\gafiev-ildus-js-21-02\\assessment\\01_midterms\\server\\src\\mappers\\usersMapper.js": {"path":"C:\\Users\\Ildus.Gafiev\\IdeaProjects\\gafiev-ildus-js-21-02\\assessment\\01_midterms\\server\\src\\mappers\\usersMapper.js","statementMap":{"0":{"start":{"line":1,"column":17},"end":{"line":1,"column":50}},"1":{"start":{"line":5,"column":8},"end":{"line":5,"column":48}},"2":{"start":{"line":8,"column":8},"end":{"line":8,"column":53}},"3":{"start":{"line":12,"column":0},"end":{"line":12,"column":35}}},"fnMap":{"0":{"name":"(anonymous_0)","decl":{"start":{"line":4,"column":4},"end":{"line":4,"column":5}},"loc":{"start":{"line":4,"column":28},"end":{"line":6,"column":5}},"line":4},"1":{"name":"(anonymous_1)","decl":{"start":{"line":7,"column":4},"end":{"line":7,"column":5}},"loc":{"start":{"line":7,"column":33},"end":{"line":9,"column":5}},"line":7}},"branchMap":{},"s":{"0":5,"1":3,"2":4,"3":5},"f":{"0":3,"1":4},"b":{},"_coverageSchema":"1a1c01bbd47fc00a2c39e90264f33305004495a9","hash":"94cf90e9ea3b966f20ed1f1b09c8e2adf1a6708b"}
,"C:\\Users\\Ildus.Gafiev\\IdeaProjects\\gafiev-ildus-js-21-02\\assessment\\01_midterms\\server\\src\\repositories\\commentsRepository.js": {"path":"C:\\Users\\Ildus.Gafiev\\IdeaProjects\\gafiev-ildus-js-21-02\\assessment\\01_midterms\\server\\src\\repositories\\commentsRepository.js","statementMap":{"0":{"start":{"line":1,"column":12},"end":{"line":1,"column":38}},"1":{"start":{"line":2,"column":22},"end":{"line":2,"column":58}},"2":{"start":{"line":3,"column":15},"end":{"line":3,"column":35}},"3":{"start":{"line":4,"column":15},"end":{"line":4,"column":39}},"4":{"start":{"line":5,"column":39},"end":{"line":5,"column":77}},"5":{"start":{"line":9,"column":8},"end":{"line":9,"column":62}},"6":{"start":{"line":10,"column":8},"end":{"line":20,"column":14}},"7":{"start":{"line":12,"column":16},"end":{"line":12,"column":111}},"8":{"start":{"line":13,"column":31},"end":{"line":13,"column":72}},"9":{"start":{"line":14,"column":16},"end":{"line":14,"column":108}},"10":{"start":{"line":15,"column":16},"end":{"line":15,"column":30}},"11":{"start":{"line":18,"column":16},"end":{"line":18,"column":91}},"12":{"start":{"line":19,"column":16},"end":{"line":19,"column":38}},"13":{"start":{"line":24,"column":0},"end":{"line":24,"column":42}}},"fnMap":{"0":{"name":"(anonymous_0)","decl":{"start":{"line":8,"column":4},"end":{"line":8,"column":5}},"loc":{"start":{"line":8,"column":33},"end":{"line":21,"column":5}},"line":8},"1":{"name":"(anonymous_1)","decl":{"start":{"line":11,"column":18},"end":{"line":11,"column":19}},"loc":{"start":{"line":11,"column":30},"end":{"line":16,"column":13}},"line":11},"2":{"name":"(anonymous_2)","decl":{"start":{"line":17,"column":19},"end":{"line":17,"column":20}},"loc":{"start":{"line":17,"column":28},"end":{"line":20,"column":13}},"line":17}},"branchMap":{},"s":{"0":4,"1":4,"2":4,"3":4,"4":4,"5":2,"6":2,"7":1,"8":1,"9":1,"10":1,"11":1,"12":1,"13":4},"f":{"0":2,"1":1,"2":1},"b":{},"_coverageSchema":"1a1c01bbd47fc00a2c39e90264f33305004495a9","hash":"bc20a5cafb987b968adc19342283025cc7f792ba"}
,"C:\\Users\\Ildus.Gafiev\\IdeaProjects\\gafiev-ildus-js-21-02\\assessment\\01_midterms\\server\\src\\repositories\\postsRepository.js": {"path":"C:\\Users\\Ildus.Gafiev\\IdeaProjects\\gafiev-ildus-js-21-02\\assessment\\01_midterms\\server\\src\\repositories\\postsRepository.js","statementMap":{"0":{"start":{"line":1,"column":12},"end":{"line":1,"column":38}},"1":{"start":{"line":2,"column":19},"end":{"line":2,"column":52}},"2":{"start":{"line":3,"column":15},"end":{"line":3,"column":35}},"3":{"start":{"line":4,"column":15},"end":{"line":4,"column":39}},"4":{"start":{"line":5,"column":36},"end":{"line":5,"column":74}},"5":{"start":{"line":9,"column":8},"end":{"line":9,"column":63}},"6":{"start":{"line":10,"column":8},"end":{"line":20,"column":14}},"7":{"start":{"line":12,"column":16},"end":{"line":12,"column":112}},"8":{"start":{"line":13,"column":31},"end":{"line":13,"column":69}},"9":{"start":{"line":14,"column":16},"end":{"line":14,"column":109}},"10":{"start":{"line":15,"column":16},"end":{"line":15,"column":30}},"11":{"start":{"line":18,"column":16},"end":{"line":18,"column":92}},"12":{"start":{"line":19,"column":16},"end":{"line":19,"column":38}},"13":{"start":{"line":23,"column":8},"end":{"line":23,"column":71}},"14":{"start":{"line":24,"column":8},"end":{"line":34,"column":14}},"15":{"start":{"line":26,"column":16},"end":{"line":26,"column":120}},"16":{"start":{"line":27,"column":31},"end":{"line":27,"column":69}},"17":{"start":{"line":28,"column":16},"end":{"line":28,"column":117}},"18":{"start":{"line":29,"column":16},"end":{"line":29,"column":30}},"19":{"start":{"line":32,"column":16},"end":{"line":32,"column":100}},"20":{"start":{"line":33,"column":16},"end":{"line":33,"column":38}},"21":{"start":{"line":38,"column":0},"end":{"line":38,"column":39}}},"fnMap":{"0":{"name":"(anonymous_0)","decl":{"start":{"line":8,"column":4},"end":{"line":8,"column":5}},"loc":{"start":{"line":8,"column":29},"end":{"line":21,"column":5}},"line":8},"1":{"name":"(anonymous_1)","decl":{"start":{"line":11,"column":18},"end":{"line":11,"column":19}},"loc":{"start":{"line":11,"column":30},"end":{"line":16,"column":13}},"line":11},"2":{"name":"(anonymous_2)","decl":{"start":{"line":17,"column":19},"end":{"line":17,"column":20}},"loc":{"start":{"line":17,"column":28},"end":{"line":20,"column":13}},"line":17},"3":{"name":"(anonymous_3)","decl":{"start":{"line":22,"column":4},"end":{"line":22,"column":5}},"loc":{"start":{"line":22,"column":39},"end":{"line":35,"column":5}},"line":22},"4":{"name":"(anonymous_4)","decl":{"start":{"line":25,"column":18},"end":{"line":25,"column":19}},"loc":{"start":{"line":25,"column":30},"end":{"line":30,"column":13}},"line":25},"5":{"name":"(anonymous_5)","decl":{"start":{"line":31,"column":19},"end":{"line":31,"column":20}},"loc":{"start":{"line":31,"column":28},"end":{"line":34,"column":13}},"line":31}},"branchMap":{},"s":{"0":4,"1":4,"2":4,"3":4,"4":4,"5":2,"6":2,"7":1,"8":1,"9":1,"10":1,"11":1,"12":1,"13":2,"14":2,"15":1,"16":1,"17":1,"18":1,"19":1,"20":1,"21":4},"f":{"0":2,"1":1,"2":1,"3":2,"4":1,"5":1},"b":{},"_coverageSchema":"1a1c01bbd47fc00a2c39e90264f33305004495a9","hash":"93e36fef4e3cb6b7a6ee622306653e2dcf6fe30f"}
,"C:\\Users\\Ildus.Gafiev\\IdeaProjects\\gafiev-ildus-js-21-02\\assessment\\01_midterms\\server\\src\\repositories\\usersRepository.js": {"path":"C:\\Users\\Ildus.Gafiev\\IdeaProjects\\gafiev-ildus-js-21-02\\assessment\\01_midterms\\server\\src\\repositories\\usersRepository.js","statementMap":{"0":{"start":{"line":1,"column":12},"end":{"line":1,"column":38}},"1":{"start":{"line":2,"column":15},"end":{"line":2,"column":35}},"2":{"start":{"line":3,"column":15},"end":{"line":3,"column":39}},"3":{"start":{"line":4,"column":19},"end":{"line":4,"column":52}},"4":{"start":{"line":5,"column":37},"end":{"line":5,"column":75}},"5":{"start":{"line":9,"column":8},"end":{"line":9,"column":75}},"6":{"start":{"line":10,"column":8},"end":{"line":18,"column":14}},"7":{"start":{"line":12,"column":16},"end":{"line":12,"column":123}},"8":{"start":{"line":13,"column":16},"end":{"line":13,"column":32}},"9":{"start":{"line":16,"column":16},"end":{"line":16,"column":104}},"10":{"start":{"line":17,"column":16},"end":{"line":17,"column":38}},"11":{"start":{"line":21,"column":8},"end":{"line":21,"column":58}},"12":{"start":{"line":22,"column":8},"end":{"line":32,"column":14}},"13":{"start":{"line":24,"column":16},"end":{"line":24,"column":107}},"14":{"start":{"line":25,"column":31},"end":{"line":25,"column":69}},"15":{"start":{"line":26,"column":16},"end":{"line":26,"column":104}},"16":{"start":{"line":27,"column":16},"end":{"line":27,"column":30}},"17":{"start":{"line":30,"column":16},"end":{"line":30,"column":87}},"18":{"start":{"line":31,"column":16},"end":{"line":31,"column":38}},"19":{"start":{"line":36,"column":0},"end":{"line":36,"column":39}}},"fnMap":{"0":{"name":"(anonymous_0)","decl":{"start":{"line":8,"column":4},"end":{"line":8,"column":5}},"loc":{"start":{"line":8,"column":29},"end":{"line":19,"column":5}},"line":8},"1":{"name":"(anonymous_1)","decl":{"start":{"line":11,"column":18},"end":{"line":11,"column":19}},"loc":{"start":{"line":11,"column":30},"end":{"line":14,"column":13}},"line":11},"2":{"name":"(anonymous_2)","decl":{"start":{"line":15,"column":19},"end":{"line":15,"column":20}},"loc":{"start":{"line":15,"column":28},"end":{"line":18,"column":13}},"line":15},"3":{"name":"(anonymous_3)","decl":{"start":{"line":20,"column":4},"end":{"line":20,"column":5}},"loc":{"start":{"line":20,"column":16},"end":{"line":33,"column":5}},"line":20},"4":{"name":"(anonymous_4)","decl":{"start":{"line":23,"column":18},"end":{"line":23,"column":19}},"loc":{"start":{"line":23,"column":30},"end":{"line":28,"column":13}},"line":23},"5":{"name":"(anonymous_5)","decl":{"start":{"line":29,"column":19},"end":{"line":29,"column":20}},"loc":{"start":{"line":29,"column":28},"end":{"line":32,"column":13}},"line":29}},"branchMap":{},"s":{"0":4,"1":4,"2":4,"3":4,"4":4,"5":2,"6":2,"7":1,"8":1,"9":1,"10":1,"11":2,"12":2,"13":1,"14":1,"15":1,"16":1,"17":1,"18":1,"19":4},"f":{"0":2,"1":1,"2":1,"3":2,"4":1,"5":1},"b":{},"_coverageSchema":"1a1c01bbd47fc00a2c39e90264f33305004495a9","hash":"083d91bca05af3f19ed18723953d7f4f18a7a9f4"}
,"C:\\Users\\Ildus.Gafiev\\IdeaProjects\\gafiev-ildus-js-21-02\\assessment\\01_midterms\\server\\src\\routes\\commentsRouter.js": {"path":"C:\\Users\\Ildus.Gafiev\\IdeaProjects\\gafiev-ildus-js-21-02\\assessment\\01_midterms\\server\\src\\routes\\commentsRouter.js","statementMap":{"0":{"start":{"line":1,"column":15},"end":{"line":1,"column":42}},"1":{"start":{"line":2,"column":23},"end":{"line":2,"column":61}},"2":{"start":{"line":4,"column":0},"end":{"line":4,"column":51}},"3":{"start":{"line":6,"column":0},"end":{"line":6,"column":24}}},"fnMap":{},"branchMap":{},"s":{"0":3,"1":3,"2":3,"3":3},"f":{},"b":{},"_coverageSchema":"1a1c01bbd47fc00a2c39e90264f33305004495a9","hash":"dc0ae33983539b932b29774111e9301e159dce7e"}
,"C:\\Users\\Ildus.Gafiev\\IdeaProjects\\gafiev-ildus-js-21-02\\assessment\\01_midterms\\server\\src\\routes\\index.js": {"path":"C:\\Users\\Ildus.Gafiev\\IdeaProjects\\gafiev-ildus-js-21-02\\assessment\\01_midterms\\server\\src\\routes\\index.js","statementMap":{"0":{"start":{"line":1,"column":15},"end":{"line":1,"column":42}},"1":{"start":{"line":2,"column":19},"end":{"line":2,"column":43}},"2":{"start":{"line":3,"column":19},"end":{"line":3,"column":43}},"3":{"start":{"line":4,"column":22},"end":{"line":4,"column":49}},"4":{"start":{"line":6,"column":0},"end":{"line":6,"column":32}},"5":{"start":{"line":7,"column":0},"end":{"line":7,"column":32}},"6":{"start":{"line":8,"column":0},"end":{"line":8,"column":37}},"7":{"start":{"line":11,"column":0},"end":{"line":11,"column":24}}},"fnMap":{},"branchMap":{},"s":{"0":3,"1":3,"2":3,"3":3,"4":3,"5":3,"6":3,"7":3},"f":{},"b":{},"_coverageSchema":"1a1c01bbd47fc00a2c39e90264f33305004495a9","hash":"019f0295f93847973c28512a5c5f43a4b726d6fb"}
,"C:\\Users\\Ildus.Gafiev\\IdeaProjects\\gafiev-ildus-js-21-02\\assessment\\01_midterms\\server\\src\\routes\\postsRouter.js": {"path":"C:\\Users\\Ildus.Gafiev\\IdeaProjects\\gafiev-ildus-js-21-02\\assessment\\01_midterms\\server\\src\\routes\\postsRouter.js","statementMap":{"0":{"start":{"line":1,"column":15},"end":{"line":1,"column":42}},"1":{"start":{"line":2,"column":20},"end":{"line":2,"column":55}},"2":{"start":{"line":4,"column":0},"end":{"line":4,"column":40}},"3":{"start":{"line":5,"column":0},"end":{"line":5,"column":54}},"4":{"start":{"line":7,"column":0},"end":{"line":7,"column":24}}},"fnMap":{},"branchMap":{},"s":{"0":3,"1":3,"2":3,"3":3,"4":3},"f":{},"b":{},"_coverageSchema":"1a1c01bbd47fc00a2c39e90264f33305004495a9","hash":"6c54e70a1496f8197f644fcd4320470be2c3b864"}
,"C:\\Users\\Ildus.Gafiev\\IdeaProjects\\gafiev-ildus-js-21-02\\assessment\\01_midterms\\server\\src\\routes\\usersRouter.js": {"path":"C:\\Users\\Ildus.Gafiev\\IdeaProjects\\gafiev-ildus-js-21-02\\assessment\\01_midterms\\server\\src\\routes\\usersRouter.js","statementMap":{"0":{"start":{"line":1,"column":15},"end":{"line":1,"column":42}},"1":{"start":{"line":2,"column":20},"end":{"line":2,"column":55}},"2":{"start":{"line":4,"column":0},"end":{"line":4,"column":40}},"3":{"start":{"line":5,"column":0},"end":{"line":5,"column":40}},"4":{"start":{"line":6,"column":0},"end":{"line":6,"column":44}},"5":{"start":{"line":7,"column":0},"end":{"line":7,"column":43}},"6":{"start":{"line":9,"column":0},"end":{"line":9,"column":24}}},"fnMap":{},"branchMap":{},"s":{"0":3,"1":3,"2":3,"3":3,"4":3,"5":3,"6":3},"f":{},"b":{},"_coverageSchema":"1a1c01bbd47fc00a2c39e90264f33305004495a9","hash":"777c362e5f13c88efe74b5139f4772cdcc720bf1"}
,"C:\\Users\\Ildus.Gafiev\\IdeaProjects\\gafiev-ildus-js-21-02\\assessment\\01_midterms\\server\\src\\services\\commentsService.js": {"path":"C:\\Users\\Ildus.Gafiev\\IdeaProjects\\gafiev-ildus-js-21-02\\assessment\\01_midterms\\server\\src\\services\\commentsService.js","statementMap":{"0":{"start":{"line":1,"column":26},"end":{"line":1,"column":71}},"1":{"start":{"line":2,"column":15},"end":{"line":2,"column":35}},"2":{"start":{"line":3,"column":15},"end":{"line":3,"column":39}},"3":{"start":{"line":4,"column":36},"end":{"line":4,"column":74}},"4":{"start":{"line":8,"column":8},"end":{"line":8,"column":122}},"5":{"start":{"line":9,"column":8},"end":{"line":18,"column":14}},"6":{"start":{"line":11,"column":31},"end":{"line":11,"column":55}},"7":{"start":{"line":12,"column":16},"end":{"line":12,"column":87}},"8":{"start":{"line":13,"column":16},"end":{"line":13,"column":45}},"9":{"start":{"line":16,"column":16},"end":{"line":16,"column":85}},"10":{"start":{"line":17,"column":16},"end":{"line":17,"column":44}},"11":{"start":{"line":22,"column":0},"end":{"line":22,"column":38}}},"fnMap":{"0":{"name":"(anonymous_0)","decl":{"start":{"line":7,"column":4},"end":{"line":7,"column":5}},"loc":{"start":{"line":7,"column":26},"end":{"line":19,"column":5}},"line":7},"1":{"name":"(anonymous_1)","decl":{"start":{"line":10,"column":18},"end":{"line":10,"column":19}},"loc":{"start":{"line":10,"column":30},"end":{"line":14,"column":13}},"line":10},"2":{"name":"(anonymous_2)","decl":{"start":{"line":15,"column":19},"end":{"line":15,"column":20}},"loc":{"start":{"line":15,"column":28},"end":{"line":18,"column":13}},"line":15}},"branchMap":{},"s":{"0":3,"1":3,"2":3,"3":3,"4":0,"5":0,"6":0,"7":0,"8":0,"9":0,"10":0,"11":3},"f":{"0":0,"1":0,"2":0},"b":{},"_coverageSchema":"1a1c01bbd47fc00a2c39e90264f33305004495a9","hash":"dbe22df535d9eb45a1a40edcb0454c1ec18a0ba1"}
,"C:\\Users\\Ildus.Gafiev\\IdeaProjects\\gafiev-ildus-js-21-02\\assessment\\01_midterms\\server\\src\\services\\postsService.js": {"path":"C:\\Users\\Ildus.Gafiev\\IdeaProjects\\gafiev-ildus-js-21-02\\assessment\\01_midterms\\server\\src\\services\\postsService.js","statementMap":{"0":{"start":{"line":1,"column":23},"end":{"line":1,"column":65}},"1":{"start":{"line":2,"column":15},"end":{"line":2,"column":35}},"2":{"start":{"line":3,"column":15},"end":{"line":3,"column":39}},"3":{"start":{"line":4,"column":33},"end":{"line":4,"column":71}},"4":{"start":{"line":8,"column":8},"end":{"line":8,"column":104}},"5":{"start":{"line":9,"column":8},"end":{"line":18,"column":14}},"6":{"start":{"line":11,"column":31},"end":{"line":11,"column":55}},"7":{"start":{"line":12,"column":16},"end":{"line":12,"column":88}},"8":{"start":{"line":13,"column":16},"end":{"line":13,"column":45}},"9":{"start":{"line":16,"column":16},"end":{"line":16,"column":86}},"10":{"start":{"line":17,"column":16},"end":{"line":17,"column":44}},"11":{"start":{"line":21,"column":8},"end":{"line":21,"column":131}},"12":{"start":{"line":22,"column":8},"end":{"line":31,"column":14}},"13":{"start":{"line":24,"column":31},"end":{"line":24,"column":55}},"14":{"start":{"line":25,"column":16},"end":{"line":25,"column":96}},"15":{"start":{"line":26,"column":16},"end":{"line":26,"column":45}},"16":{"start":{"line":29,"column":16},"end":{"line":29,"column":94}},"17":{"start":{"line":30,"column":16},"end":{"line":30,"column":44}},"18":{"start":{"line":35,"column":0},"end":{"line":35,"column":36}}},"fnMap":{"0":{"name":"(anonymous_0)","decl":{"start":{"line":7,"column":4},"end":{"line":7,"column":5}},"loc":{"start":{"line":7,"column":26},"end":{"line":19,"column":5}},"line":7},"1":{"name":"(anonymous_1)","decl":{"start":{"line":10,"column":18},"end":{"line":10,"column":19}},"loc":{"start":{"line":10,"column":30},"end":{"line":14,"column":13}},"line":10},"2":{"name":"(anonymous_2)","decl":{"start":{"line":15,"column":19},"end":{"line":15,"column":20}},"loc":{"start":{"line":15,"column":28},"end":{"line":18,"column":13}},"line":15},"3":{"name":"(anonymous_3)","decl":{"start":{"line":20,"column":4},"end":{"line":20,"column":5}},"loc":{"start":{"line":20,"column":32},"end":{"line":32,"column":5}},"line":20},"4":{"name":"(anonymous_4)","decl":{"start":{"line":23,"column":18},"end":{"line":23,"column":19}},"loc":{"start":{"line":23,"column":30},"end":{"line":27,"column":13}},"line":23},"5":{"name":"(anonymous_5)","decl":{"start":{"line":28,"column":19},"end":{"line":28,"column":20}},"loc":{"start":{"line":28,"column":28},"end":{"line":31,"column":13}},"line":28}},"branchMap":{},"s":{"0":3,"1":3,"2":3,"3":3,"4":0,"5":0,"6":0,"7":0,"8":0,"9":0,"10":0,"11":0,"12":0,"13":0,"14":0,"15":0,"16":0,"17":0,"18":3},"f":{"0":0,"1":0,"2":0,"3":0,"4":0,"5":0},"b":{},"_coverageSchema":"1a1c01bbd47fc00a2c39e90264f33305004495a9","hash":"a42021707cea465028b9bc207c95ed5e5b4319ba"}
,"C:\\Users\\Ildus.Gafiev\\IdeaProjects\\gafiev-ildus-js-21-02\\assessment\\01_midterms\\server\\src\\services\\usersService.js": {"path":"C:\\Users\\Ildus.Gafiev\\IdeaProjects\\gafiev-ildus-js-21-02\\assessment\\01_midterms\\server\\src\\services\\usersService.js","statementMap":{"0":{"start":{"line":1,"column":23},"end":{"line":1,"column":65}},"1":{"start":{"line":2,"column":20},"end":{"line":2,"column":54}},"2":{"start":{"line":3,"column":15},"end":{"line":3,"column":35}},"3":{"start":{"line":4,"column":15},"end":{"line":4,"column":39}},"4":{"start":{"line":5,"column":33},"end":{"line":5,"column":71}},"5":{"start":{"line":9,"column":8},"end":{"line":9,"column":116}},"6":{"start":{"line":10,"column":8},"end":{"line":19,"column":14}},"7":{"start":{"line":12,"column":31},"end":{"line":12,"column":55}},"8":{"start":{"line":13,"column":16},"end":{"line":13,"column":105}},"9":{"start":{"line":14,"column":16},"end":{"line":14,"column":45}},"10":{"start":{"line":17,"column":16},"end":{"line":17,"column":103}},"11":{"start":{"line":18,"column":16},"end":{"line":18,"column":44}},"12":{"start":{"line":22,"column":8},"end":{"line":22,"column":81}},"13":{"start":{"line":23,"column":8},"end":{"line":32,"column":14}},"14":{"start":{"line":25,"column":31},"end":{"line":25,"column":55}},"15":{"start":{"line":26,"column":16},"end":{"line":26,"column":88}},"16":{"start":{"line":27,"column":16},"end":{"line":27,"column":45}},"17":{"start":{"line":30,"column":16},"end":{"line":30,"column":86}},"18":{"start":{"line":31,"column":16},"end":{"line":31,"column":44}},"19":{"start":{"line":35,"column":8},"end":{"line":35,"column":80}},"20":{"start":{"line":36,"column":8},"end":{"line":45,"column":14}},"21":{"start":{"line":38,"column":31},"end":{"line":38,"column":55}},"22":{"start":{"line":39,"column":16},"end":{"line":39,"column":76}},"23":{"start":{"line":40,"column":16},"end":{"line":40,"column":45}},"24":{"start":{"line":43,"column":16},"end":{"line":43,"column":74}},"25":{"start":{"line":44,"column":16},"end":{"line":44,"column":44}},"26":{"start":{"line":48,"column":8},"end":{"line":48,"column":98}},"27":{"start":{"line":49,"column":8},"end":{"line":58,"column":14}},"28":{"start":{"line":51,"column":31},"end":{"line":51,"column":55}},"29":{"start":{"line":52,"column":16},"end":{"line":52,"column":79}},"30":{"start":{"line":53,"column":16},"end":{"line":53,"column":45}},"31":{"start":{"line":56,"column":16},"end":{"line":56,"column":77}},"32":{"start":{"line":57,"column":16},"end":{"line":57,"column":44}},"33":{"start":{"line":62,"column":0},"end":{"line":62,"column":34}}},"fnMap":{"0":{"name":"(anonymous_0)","decl":{"start":{"line":8,"column":4},"end":{"line":8,"column":5}},"loc":{"start":{"line":8,"column":26},"end":{"line":20,"column":5}},"line":8},"1":{"name":"(anonymous_1)","decl":{"start":{"line":11,"column":18},"end":{"line":11,"column":19}},"loc":{"start":{"line":11,"column":30},"end":{"line":15,"column":13}},"line":11},"2":{"name":"(anonymous_2)","decl":{"start":{"line":16,"column":19},"end":{"line":16,"column":20}},"loc":{"start":{"line":16,"column":28},"end":{"line":19,"column":13}},"line":16},"3":{"name":"(anonymous_3)","decl":{"start":{"line":21,"column":4},"end":{"line":21,"column":5}},"loc":{"start":{"line":21,"column":22},"end":{"line":33,"column":5}},"line":21},"4":{"name":"(anonymous_4)","decl":{"start":{"line":24,"column":18},"end":{"line":24,"column":19}},"loc":{"start":{"line":24,"column":30},"end":{"line":28,"column":13}},"line":24},"5":{"name":"(anonymous_5)","decl":{"start":{"line":29,"column":19},"end":{"line":29,"column":20}},"loc":{"start":{"line":29,"column":28},"end":{"line":32,"column":13}},"line":29},"6":{"name":"(anonymous_6)","decl":{"start":{"line":34,"column":4},"end":{"line":34,"column":5}},"loc":{"start":{"line":34,"column":22},"end":{"line":46,"column":5}},"line":34},"7":{"name":"(anonymous_7)","decl":{"start":{"line":37,"column":18},"end":{"line":37,"column":19}},"loc":{"start":{"line":37,"column":30},"end":{"line":41,"column":13}},"line":37},"8":{"name":"(anonymous_8)","decl":{"start":{"line":42,"column":19},"end":{"line":42,"column":20}},"loc":{"start":{"line":42,"column":28},"end":{"line":45,"column":13}},"line":42},"9":{"name":"(anonymous_9)","decl":{"start":{"line":47,"column":4},"end":{"line":47,"column":5}},"loc":{"start":{"line":47,"column":25},"end":{"line":59,"column":5}},"line":47},"10":{"name":"(anonymous_10)","decl":{"start":{"line":50,"column":18},"end":{"line":50,"column":19}},"loc":{"start":{"line":50,"column":30},"end":{"line":54,"column":13}},"line":50},"11":{"name":"(anonymous_11)","decl":{"start":{"line":55,"column":19},"end":{"line":55,"column":20}},"loc":{"start":{"line":55,"column":28},"end":{"line":58,"column":13}},"line":55}},"branchMap":{},"s":{"0":3,"1":3,"2":3,"3":3,"4":3,"5":0,"6":0,"7":0,"8":0,"9":0,"10":0,"11":0,"12":0,"13":0,"14":0,"15":0,"16":0,"17":0,"18":0,"19":0,"20":0,"21":0,"22":0,"23":0,"24":0,"25":0,"26":0,"27":0,"28":0,"29":0,"30":0,"31":0,"32":0,"33":3},"f":{"0":0,"1":0,"2":0,"3":0,"4":0,"5":0,"6":0,"7":0,"8":0,"9":0,"10":0,"11":0},"b":{},"_coverageSchema":"1a1c01bbd47fc00a2c39e90264f33305004495a9","hash":"545ec236805ee5c72eebecd416faff91908dfad4"}
,"C:\\Users\\Ildus.Gafiev\\IdeaProjects\\gafiev-ildus-js-21-02\\assessment\\01_midterms\\server\\src\\utils\\commonUtils.js": {"path":"C:\\Users\\Ildus.Gafiev\\IdeaProjects\\gafiev-ildus-js-21-02\\assessment\\01_midterms\\server\\src\\utils\\commonUtils.js","statementMap":{"0":{"start":{"line":1,"column":15},"end":{"line":1,"column":32}},"1":{"start":{"line":5,"column":8},"end":{"line":5,"column":55}},"2":{"start":{"line":8,"column":8},"end":{"line":8,"column":62}},"3":{"start":{"line":12,"column":0},"end":{"line":12,"column":35}}},"fnMap":{"0":{"name":"(anonymous_0)","decl":{"start":{"line":4,"column":4},"end":{"line":4,"column":5}},"loc":{"start":{"line":4,"column":33},"end":{"line":6,"column":5}},"line":4},"1":{"name":"(anonymous_1)","decl":{"start":{"line":7,"column":4},"end":{"line":7,"column":5}},"loc":{"start":{"line":7,"column":32},"end":{"line":9,"column":5}},"line":7}},"branchMap":{},"s":{"0":7,"1":15,"2":4,"3":7},"f":{"0":15,"1":4},"b":{},"_coverageSchema":"1a1c01bbd47fc00a2c39e90264f33305004495a9","hash":"2f8d53cf582f1bfba11a6d0605f9b4a0bc0e7d24"}
,"C:\\Users\\Ildus.Gafiev\\IdeaProjects\\gafiev-ildus-js-21-02\\assessment\\01_midterms\\server\\src\\utils\\objUtils.js": {"path":"C:\\Users\\Ildus.Gafiev\\IdeaProjects\\gafiev-ildus-js-21-02\\assessment\\01_midterms\\server\\src\\utils\\objUtils.js","statementMap":{"0":{"start":{"line":1,"column":14},"end":{"line":1,"column":38}},"1":{"start":{"line":5,"column":8},"end":{"line":8,"column":9}},"2":{"start":{"line":12,"column":0},"end":{"line":12,"column":32}}},"fnMap":{"0":{"name":"(anonymous_0)","decl":{"start":{"line":4,"column":4},"end":{"line":4,"column":5}},"loc":{"start":{"line":4,"column":38},"end":{"line":9,"column":5}},"line":4}},"branchMap":{},"s":{"0":5,"1":6,"2":5},"f":{"0":6},"b":{},"_coverageSchema":"1a1c01bbd47fc00a2c39e90264f33305004495a9","hash":"80a2154a3fa86a1abf9e2bcb45d4dc431a55d3d1"}
,"C:\\Users\\Ildus.Gafiev\\IdeaProjects\\gafiev-ildus-js-21-02\\assessment\\01_midterms\\server\\src\\utils\\usersObjUtils.js": {"path":"C:\\Users\\Ildus.Gafiev\\IdeaProjects\\gafiev-ildus-js-21-02\\assessment\\01_midterms\\server\\src\\utils\\usersObjUtils.js","statementMap":{"0":{"start":{"line":1,"column":14},"end":{"line":1,"column":38}},"1":{"start":{"line":5,"column":8},"end":{"line":10,"column":9}},"2":{"start":{"line":13,"column":8},"end":{"line":16,"column":9}},"3":{"start":{"line":20,"column":0},"end":{"line":20,"column":37}}},"fnMap":{"0":{"name":"(anonymous_0)","decl":{"start":{"line":4,"column":4},"end":{"line":4,"column":5}},"loc":{"start":{"line":4,"column":28},"end":{"line":11,"column":5}},"line":4},"1":{"name":"(anonymous_1)","decl":{"start":{"line":12,"column":4},"end":{"line":12,"column":5}},"loc":{"start":{"line":12,"column":33},"end":{"line":17,"column":5}},"line":12}},"branchMap":{},"s":{"0":5,"1":3,"2":4,"3":5},"f":{"0":3,"1":4},"b":{},"_coverageSchema":"1a1c01bbd47fc00a2c39e90264f33305004495a9","hash":"f987f9dda16340ca2bcb9cabf647c1f25d931731"}
}
